0 info it worked if it ends with ok
1 verbose cli [ 'C:\\Program Files\\nodejs\\node.exe',
1 verbose cli   'C:\\Program Files\\nodejs\\node_modules\\npm\\bin\\npm-cli.js',
1 verbose cli   'install',
1 verbose cli   'less' ]
2 info using npm@3.10.10
3 info using node@v6.10.3
4 silly loadCurrentTree Starting
5 silly install loadCurrentTree
6 silly install readLocalPackageData
7 silly fetchPackageMetaData less
8 silly fetchNamedPackageData less
9 silly mapToRegistry name less
10 silly mapToRegistry using default registry
11 silly mapToRegistry registry https://registry.npmjs.org/
12 silly mapToRegistry data Result {
12 silly mapToRegistry   raw: 'less',
12 silly mapToRegistry   scope: null,
12 silly mapToRegistry   escapedName: 'less',
12 silly mapToRegistry   name: 'less',
12 silly mapToRegistry   rawSpec: '',
12 silly mapToRegistry   spec: 'latest',
12 silly mapToRegistry   type: 'tag' }
13 silly mapToRegistry uri https://registry.npmjs.org/less
14 verbose request uri https://registry.npmjs.org/less
15 verbose request no auth needed
16 info attempt registry request try #1 at 7:01:34 PM
17 verbose request id bc0ba7a0724ee7b8
18 verbose etag "5a84d707-259fc"
19 verbose lastModified Thu, 15 Feb 2018 0:40:39 GMT
20 http request GET https://registry.npmjs.org/less
21 http 304 https://registry.npmjs.org/less
22 verbose headers { date: 'Mon, 19 Feb 2018 17:01:36 GMT',
22 verbose headers   via: '1.1 varnish',
22 verbose headers   'cache-control': 'max-age=300',
22 verbose headers   etag: '"5a84d707-259fc"',
22 verbose headers   age: '14231',
22 verbose headers   connection: 'keep-alive',
22 verbose headers   'x-served-by': 'cache-hhn1529-HHN',
22 verbose headers   'x-cache': 'HIT',
22 verbose headers   'x-cache-hits': '156',
22 verbose headers   'x-timer': 'S1519059697.501916,VS0,VE0',
22 verbose headers   vary: 'Accept-Encoding, Accept' }
23 silly get cb [ 304,
23 silly get   { date: 'Mon, 19 Feb 2018 17:01:36 GMT',
23 silly get     via: '1.1 varnish',
23 silly get     'cache-control': 'max-age=300',
23 silly get     etag: '"5a84d707-259fc"',
23 silly get     age: '14231',
23 silly get     connection: 'keep-alive',
23 silly get     'x-served-by': 'cache-hhn1529-HHN',
23 silly get     'x-cache': 'HIT',
23 silly get     'x-cache-hits': '156',
23 silly get     'x-timer': 'S1519059697.501916,VS0,VE0',
23 silly get     vary: 'Accept-Encoding, Accept' } ]
24 verbose etag https://registry.npmjs.org/less from cache
25 verbose get saving less to C:\Users\NOA-PC\AppData\Roaming\npm-cache\registry.npmjs.org\less\.cache.json
26 verbose correctMkdir C:\Users\NOA-PC\AppData\Roaming\npm-cache correctMkdir not in flight; initializing
27 silly install normalizeTree
28 silly loadCurrentTree Finishing
29 silly loadIdealTree Starting
30 silly install loadIdealTree
31 silly cloneCurrentTree Starting
32 silly install cloneCurrentTreeToIdealTree
33 silly cloneCurrentTree Finishing
34 silly loadShrinkwrap Starting
35 silly install loadShrinkwrap
36 silly loadShrinkwrap Finishing
37 silly loadAllDepsIntoIdealTree Starting
38 silly install loadAllDepsIntoIdealTree
39 silly resolveWithNewModule less@3.0.1 checking installable status
40 silly cache add args [ 'less', null ]
41 verbose cache add spec less
42 silly cache add parsed spec Result {
42 silly cache add   raw: 'less',
42 silly cache add   scope: null,
42 silly cache add   escapedName: 'less',
42 silly cache add   name: 'less',
42 silly cache add   rawSpec: '',
42 silly cache add   spec: 'latest',
42 silly cache add   type: 'tag' }
43 silly addNamed less@latest
44 verbose addNamed "latest" is being treated as a dist-tag for less
45 info addNameTag [ 'less', 'latest' ]
46 silly mapToRegistry name less
47 silly mapToRegistry using default registry
48 silly mapToRegistry registry https://registry.npmjs.org/
49 silly mapToRegistry data Result {
49 silly mapToRegistry   raw: 'less',
49 silly mapToRegistry   scope: null,
49 silly mapToRegistry   escapedName: 'less',
49 silly mapToRegistry   name: 'less',
49 silly mapToRegistry   rawSpec: '',
49 silly mapToRegistry   spec: 'latest',
49 silly mapToRegistry   type: 'tag' }
50 silly mapToRegistry uri https://registry.npmjs.org/less
51 verbose addNameTag registry:https://registry.npmjs.org/less not in flight; fetching
52 verbose get https://registry.npmjs.org/less not expired, no request
53 silly addNameTag next cb for less with tag latest
54 silly addNamed less@3.0.1
55 verbose addNamed "3.0.1" is a plain semver version for less
56 silly cache afterAdd less@3.0.1
57 verbose afterAdd C:\Users\NOA-PC\AppData\Roaming\npm-cache\less\3.0.1\package\package.json not in flight; writing
58 verbose correctMkdir C:\Users\NOA-PC\AppData\Roaming\npm-cache correctMkdir not in flight; initializing
59 verbose afterAdd C:\Users\NOA-PC\AppData\Roaming\npm-cache\less\3.0.1\package\package.json written
60 silly fetchNamedPackageData errno
61 silly mapToRegistry name errno
62 silly mapToRegistry using default registry
63 silly mapToRegistry registry https://registry.npmjs.org/
64 silly mapToRegistry data Result {
64 silly mapToRegistry   raw: 'errno',
64 silly mapToRegistry   scope: null,
64 silly mapToRegistry   escapedName: 'errno',
64 silly mapToRegistry   name: 'errno',
64 silly mapToRegistry   rawSpec: '',
64 silly mapToRegistry   spec: 'latest',
64 silly mapToRegistry   type: 'tag' }
65 silly mapToRegistry uri https://registry.npmjs.org/errno
66 silly fetchNamedPackageData graceful-fs
67 silly mapToRegistry name graceful-fs
68 silly mapToRegistry using default registry
69 silly mapToRegistry registry https://registry.npmjs.org/
70 silly mapToRegistry data Result {
70 silly mapToRegistry   raw: 'graceful-fs',
70 silly mapToRegistry   scope: null,
70 silly mapToRegistry   escapedName: 'graceful-fs',
70 silly mapToRegistry   name: 'graceful-fs',
70 silly mapToRegistry   rawSpec: '',
70 silly mapToRegistry   spec: 'latest',
70 silly mapToRegistry   type: 'tag' }
71 silly mapToRegistry uri https://registry.npmjs.org/graceful-fs
72 silly fetchNamedPackageData image-size
73 silly mapToRegistry name image-size
74 silly mapToRegistry using default registry
75 silly mapToRegistry registry https://registry.npmjs.org/
76 silly mapToRegistry data Result {
76 silly mapToRegistry   raw: 'image-size',
76 silly mapToRegistry   scope: null,
76 silly mapToRegistry   escapedName: 'image-size',
76 silly mapToRegistry   name: 'image-size',
76 silly mapToRegistry   rawSpec: '',
76 silly mapToRegistry   spec: 'latest',
76 silly mapToRegistry   type: 'tag' }
77 silly mapToRegistry uri https://registry.npmjs.org/image-size
78 silly fetchNamedPackageData mime
79 silly mapToRegistry name mime
80 silly mapToRegistry using default registry
81 silly mapToRegistry registry https://registry.npmjs.org/
82 silly mapToRegistry data Result {
82 silly mapToRegistry   raw: 'mime',
82 silly mapToRegistry   scope: null,
82 silly mapToRegistry   escapedName: 'mime',
82 silly mapToRegistry   name: 'mime',
82 silly mapToRegistry   rawSpec: '',
82 silly mapToRegistry   spec: 'latest',
82 silly mapToRegistry   type: 'tag' }
83 silly mapToRegistry uri https://registry.npmjs.org/mime
84 silly fetchNamedPackageData promise
85 silly mapToRegistry name promise
86 silly mapToRegistry using default registry
87 silly mapToRegistry registry https://registry.npmjs.org/
88 silly mapToRegistry data Result {
88 silly mapToRegistry   raw: 'promise',
88 silly mapToRegistry   scope: null,
88 silly mapToRegistry   escapedName: 'promise',
88 silly mapToRegistry   name: 'promise',
88 silly mapToRegistry   rawSpec: '',
88 silly mapToRegistry   spec: 'latest',
88 silly mapToRegistry   type: 'tag' }
89 silly mapToRegistry uri https://registry.npmjs.org/promise
90 silly fetchNamedPackageData source-map
91 silly mapToRegistry name source-map
92 silly mapToRegistry using default registry
93 silly mapToRegistry registry https://registry.npmjs.org/
94 silly mapToRegistry data Result {
94 silly mapToRegistry   raw: 'source-map',
94 silly mapToRegistry   scope: null,
94 silly mapToRegistry   escapedName: 'source-map',
94 silly mapToRegistry   name: 'source-map',
94 silly mapToRegistry   rawSpec: '',
94 silly mapToRegistry   spec: 'latest',
94 silly mapToRegistry   type: 'tag' }
95 silly mapToRegistry uri https://registry.npmjs.org/source-map
96 silly fetchNamedPackageData request
97 silly mapToRegistry name request
98 silly mapToRegistry using default registry
99 silly mapToRegistry registry https://registry.npmjs.org/
100 silly mapToRegistry data Result {
100 silly mapToRegistry   raw: 'request',
100 silly mapToRegistry   scope: null,
100 silly mapToRegistry   escapedName: 'request',
100 silly mapToRegistry   name: 'request',
100 silly mapToRegistry   rawSpec: '',
100 silly mapToRegistry   spec: 'latest',
100 silly mapToRegistry   type: 'tag' }
101 silly mapToRegistry uri https://registry.npmjs.org/request
102 verbose request uri https://registry.npmjs.org/errno
103 verbose request no auth needed
104 info attempt registry request try #1 at 7:01:36 PM
105 verbose etag "5a84f75f-4665"
106 verbose lastModified Thu, 15 Feb 2018 2:58:39 GMT
107 http request GET https://registry.npmjs.org/errno
108 verbose request uri https://registry.npmjs.org/graceful-fs
109 verbose request no auth needed
110 info attempt registry request try #1 at 7:01:36 PM
111 verbose etag "5a838605-f856"
112 verbose lastModified Wed, 14 Feb 2018 0:42:45 GMT
113 http request GET https://registry.npmjs.org/graceful-fs
114 verbose request uri https://registry.npmjs.org/image-size
115 verbose request no auth needed
116 info attempt registry request try #1 at 7:01:36 PM
117 verbose etag "5a3b2fe0-c222"
118 verbose lastModified Thu, 21 Dec 2017 3:52:00 GMT
119 http request GET https://registry.npmjs.org/image-size
120 verbose request uri https://registry.npmjs.org/mime
121 verbose request no auth needed
122 info attempt registry request try #1 at 7:01:36 PM
123 verbose etag "5a7d4a9c-af84"
124 verbose lastModified Fri, 9 Feb 2018 7:15:40 GMT
125 http request GET https://registry.npmjs.org/mime
126 verbose request uri https://registry.npmjs.org/promise
127 verbose request no auth needed
128 info attempt registry request try #1 at 7:01:36 PM
129 verbose etag "5a82b568-adfa"
130 verbose lastModified Tue, 13 Feb 2018 9:52:40 GMT
131 http request GET https://registry.npmjs.org/promise
132 verbose request uri https://registry.npmjs.org/request
133 verbose request no auth needed
134 info attempt registry request try #1 at 7:01:36 PM
135 verbose etag "5a8a54e9-39ff3"
136 verbose lastModified Mon, 19 Feb 2018 4:39:05 GMT
137 http request GET https://registry.npmjs.org/request
138 verbose request uri https://registry.npmjs.org/source-map
139 verbose request no auth needed
140 info attempt registry request try #1 at 7:01:36 PM
141 verbose etag "5a8486e3-2aa0a"
142 verbose lastModified Wed, 14 Feb 2018 18:58:43 GMT
143 http request GET https://registry.npmjs.org/source-map
144 http 304 https://registry.npmjs.org/source-map
145 verbose headers { date: 'Mon, 19 Feb 2018 17:01:38 GMT',
145 verbose headers   via: '1.1 varnish',
145 verbose headers   'cache-control': 'max-age=300',
145 verbose headers   etag: '"5a8486e3-2aa0a"',
145 verbose headers   age: '3658',
145 verbose headers   connection: 'keep-alive',
145 verbose headers   'x-served-by': 'cache-hhn1530-HHN',
145 verbose headers   'x-cache': 'HIT',
145 verbose headers   'x-cache-hits': '240',
145 verbose headers   'x-timer': 'S1519059698.159981,VS0,VE0',
145 verbose headers   vary: 'Accept-Encoding, Accept' }
146 silly get cb [ 304,
146 silly get   { date: 'Mon, 19 Feb 2018 17:01:38 GMT',
146 silly get     via: '1.1 varnish',
146 silly get     'cache-control': 'max-age=300',
146 silly get     etag: '"5a8486e3-2aa0a"',
146 silly get     age: '3658',
146 silly get     connection: 'keep-alive',
146 silly get     'x-served-by': 'cache-hhn1530-HHN',
146 silly get     'x-cache': 'HIT',
146 silly get     'x-cache-hits': '240',
146 silly get     'x-timer': 'S1519059698.159981,VS0,VE0',
146 silly get     vary: 'Accept-Encoding, Accept' } ]
147 verbose etag https://registry.npmjs.org/source-map from cache
148 verbose get saving source-map to C:\Users\NOA-PC\AppData\Roaming\npm-cache\registry.npmjs.org\source-map\.cache.json
149 verbose correctMkdir C:\Users\NOA-PC\AppData\Roaming\npm-cache correctMkdir not in flight; initializing
150 silly resolveWithNewModule source-map@0.5.7 checking installable status
151 silly cache add args [ 'source-map@^0.5.3', null ]
152 verbose cache add spec source-map@^0.5.3
153 silly cache add parsed spec Result {
153 silly cache add   raw: 'source-map@^0.5.3',
153 silly cache add   scope: null,
153 silly cache add   escapedName: 'source-map',
153 silly cache add   name: 'source-map',
153 silly cache add   rawSpec: '^0.5.3',
153 silly cache add   spec: '>=0.5.3 <0.6.0',
153 silly cache add   type: 'range' }
154 silly addNamed source-map@>=0.5.3 <0.6.0
155 verbose addNamed ">=0.5.3 <0.6.0" is a valid semver range for source-map
156 silly addNameRange { name: 'source-map', range: '>=0.5.3 <0.6.0', hasData: false }
157 silly mapToRegistry name source-map
158 silly mapToRegistry using default registry
159 silly mapToRegistry registry https://registry.npmjs.org/
160 silly mapToRegistry data Result {
160 silly mapToRegistry   raw: 'source-map',
160 silly mapToRegistry   scope: null,
160 silly mapToRegistry   escapedName: 'source-map',
160 silly mapToRegistry   name: 'source-map',
160 silly mapToRegistry   rawSpec: '',
160 silly mapToRegistry   spec: 'latest',
160 silly mapToRegistry   type: 'tag' }
161 silly mapToRegistry uri https://registry.npmjs.org/source-map
162 verbose addNameRange registry:https://registry.npmjs.org/source-map not in flight; fetching
163 http 304 https://registry.npmjs.org/errno
164 verbose headers { date: 'Mon, 19 Feb 2018 17:01:37 GMT',
164 verbose headers   via: '1.1 varnish',
164 verbose headers   'cache-control': 'max-age=300',
164 verbose headers   etag: '"5a84f75f-4665"',
164 verbose headers   age: '7173',
164 verbose headers   connection: 'keep-alive',
164 verbose headers   'x-served-by': 'cache-hhn1529-HHN',
164 verbose headers   'x-cache': 'HIT',
164 verbose headers   'x-cache-hits': '94',
164 verbose headers   'x-timer': 'S1519059698.599990,VS0,VE0',
164 verbose headers   vary: 'Accept-Encoding, Accept' }
165 silly get cb [ 304,
165 silly get   { date: 'Mon, 19 Feb 2018 17:01:37 GMT',
165 silly get     via: '1.1 varnish',
165 silly get     'cache-control': 'max-age=300',
165 silly get     etag: '"5a84f75f-4665"',
165 silly get     age: '7173',
165 silly get     connection: 'keep-alive',
165 silly get     'x-served-by': 'cache-hhn1529-HHN',
165 silly get     'x-cache': 'HIT',
165 silly get     'x-cache-hits': '94',
165 silly get     'x-timer': 'S1519059698.599990,VS0,VE0',
165 silly get     vary: 'Accept-Encoding, Accept' } ]
166 verbose etag https://registry.npmjs.org/errno from cache
167 verbose get saving errno to C:\Users\NOA-PC\AppData\Roaming\npm-cache\registry.npmjs.org\errno\.cache.json
168 verbose correctMkdir C:\Users\NOA-PC\AppData\Roaming\npm-cache correctMkdir not in flight; initializing
169 verbose get https://registry.npmjs.org/source-map not expired, no request
170 silly addNameRange number 2 { name: 'source-map', range: '>=0.5.3 <0.6.0', hasData: true }
171 silly addNameRange versions [ 'source-map',
171 silly addNameRange   [ '0.0.0',
171 silly addNameRange     '0.1.0',
171 silly addNameRange     '0.1.1',
171 silly addNameRange     '0.1.2',
171 silly addNameRange     '0.1.3',
171 silly addNameRange     '0.1.4',
171 silly addNameRange     '0.1.5',
171 silly addNameRange     '0.1.6',
171 silly addNameRange     '0.1.7',
171 silly addNameRange     '0.1.8',
171 silly addNameRange     '0.1.9',
171 silly addNameRange     '0.1.10',
171 silly addNameRange     '0.1.11',
171 silly addNameRange     '0.1.12',
171 silly addNameRange     '0.1.13',
171 silly addNameRange     '0.1.14',
171 silly addNameRange     '0.1.15',
171 silly addNameRange     '0.1.16',
171 silly addNameRange     '0.1.17',
171 silly addNameRange     '0.1.18',
171 silly addNameRange     '0.1.19',
171 silly addNameRange     '0.1.20',
171 silly addNameRange     '0.1.21',
171 silly addNameRange     '0.1.22',
171 silly addNameRange     '0.1.23',
171 silly addNameRange     '0.1.24',
171 silly addNameRange     '0.1.25',
171 silly addNameRange     '0.1.26',
171 silly addNameRange     '0.1.27',
171 silly addNameRange     '0.1.28',
171 silly addNameRange     '0.1.29',
171 silly addNameRange     '0.1.30',
171 silly addNameRange     '0.1.31',
171 silly addNameRange     '0.1.32',
171 silly addNameRange     '0.1.33',
171 silly addNameRange     '0.1.34',
171 silly addNameRange     '0.1.35',
171 silly addNameRange     '0.1.36',
171 silly addNameRange     '0.1.37',
171 silly addNameRange     '0.1.38',
171 silly addNameRange     '0.1.39',
171 silly addNameRange     '0.1.40',
171 silly addNameRange     '0.1.41',
171 silly addNameRange     '0.1.42',
171 silly addNameRange     '0.1.43',
171 silly addNameRange     '0.2.0',
171 silly addNameRange     '0.3.0',
171 silly addNameRange     '0.4.0',
171 silly addNameRange     '0.4.1',
171 silly addNameRange     '0.4.2',
171 silly addNameRange     '0.4.3',
171 silly addNameRange     '0.4.4',
171 silly addNameRange     '0.5.0',
171 silly addNameRange     '0.5.1',
171 silly addNameRange     '0.5.2',
171 silly addNameRange     '0.5.3',
171 silly addNameRange     '0.5.4',
171 silly addNameRange     '0.5.5',
171 silly addNameRange     '0.5.6',
171 silly addNameRange     '0.5.7',
171 silly addNameRange     '0.6.0',
171 silly addNameRange     '0.6.1',
171 silly addNameRange     '0.7.0',
171 silly addNameRange     '0.7.1' ] ]
172 silly addNamed source-map@0.5.7
173 verbose addNamed "0.5.7" is a plain semver version for source-map
174 silly cache afterAdd source-map@0.5.7
175 verbose afterAdd C:\Users\NOA-PC\AppData\Roaming\npm-cache\source-map\0.5.7\package\package.json not in flight; writing
176 verbose correctMkdir C:\Users\NOA-PC\AppData\Roaming\npm-cache correctMkdir not in flight; initializing
177 silly resolveWithNewModule errno@0.1.7 checking installable status
178 silly cache add args [ 'errno@^0.1.1', null ]
179 verbose cache add spec errno@^0.1.1
180 silly cache add parsed spec Result {
180 silly cache add   raw: 'errno@^0.1.1',
180 silly cache add   scope: null,
180 silly cache add   escapedName: 'errno',
180 silly cache add   name: 'errno',
180 silly cache add   rawSpec: '^0.1.1',
180 silly cache add   spec: '>=0.1.1 <0.2.0',
180 silly cache add   type: 'range' }
181 silly addNamed errno@>=0.1.1 <0.2.0
182 verbose addNamed ">=0.1.1 <0.2.0" is a valid semver range for errno
183 silly addNameRange { name: 'errno', range: '>=0.1.1 <0.2.0', hasData: false }
184 silly mapToRegistry name errno
185 silly mapToRegistry using default registry
186 silly mapToRegistry registry https://registry.npmjs.org/
187 silly mapToRegistry data Result {
187 silly mapToRegistry   raw: 'errno',
187 silly mapToRegistry   scope: null,
187 silly mapToRegistry   escapedName: 'errno',
187 silly mapToRegistry   name: 'errno',
187 silly mapToRegistry   rawSpec: '',
187 silly mapToRegistry   spec: 'latest',
187 silly mapToRegistry   type: 'tag' }
188 silly mapToRegistry uri https://registry.npmjs.org/errno
189 verbose addNameRange registry:https://registry.npmjs.org/errno not in flight; fetching
190 verbose get https://registry.npmjs.org/errno not expired, no request
191 silly addNameRange number 2 { name: 'errno', range: '>=0.1.1 <0.2.0', hasData: true }
192 silly addNameRange versions [ 'errno',
192 silly addNameRange   [ '0.0.1',
192 silly addNameRange     '0.0.2',
192 silly addNameRange     '0.0.3',
192 silly addNameRange     '0.0.4',
192 silly addNameRange     '0.0.5',
192 silly addNameRange     '0.1.0',
192 silly addNameRange     '0.1.1',
192 silly addNameRange     '0.1.2',
192 silly addNameRange     '0.1.3',
192 silly addNameRange     '0.1.4',
192 silly addNameRange     '0.1.5',
192 silly addNameRange     '0.1.6',
192 silly addNameRange     '0.1.7' ] ]
193 silly addNamed errno@0.1.7
194 verbose addNamed "0.1.7" is a plain semver version for errno
195 verbose afterAdd C:\Users\NOA-PC\AppData\Roaming\npm-cache\source-map\0.5.7\package\package.json written
196 silly cache afterAdd errno@0.1.7
197 verbose afterAdd C:\Users\NOA-PC\AppData\Roaming\npm-cache\errno\0.1.7\package\package.json not in flight; writing
198 verbose correctMkdir C:\Users\NOA-PC\AppData\Roaming\npm-cache correctMkdir not in flight; initializing
199 verbose afterAdd C:\Users\NOA-PC\AppData\Roaming\npm-cache\errno\0.1.7\package\package.json written
200 http 304 https://registry.npmjs.org/request
201 verbose headers { date: 'Mon, 19 Feb 2018 17:01:38 GMT',
201 verbose headers   via: '1.1 varnish',
201 verbose headers   'cache-control': 'max-age=300',
201 verbose headers   etag: '"5a8a54e9-39ff3"',
201 verbose headers   age: '1345',
201 verbose headers   connection: 'keep-alive',
201 verbose headers   'x-served-by': 'cache-hhn1536-HHN',
201 verbose headers   'x-cache': 'HIT',
201 verbose headers   'x-cache-hits': '38',
201 verbose headers   'x-timer': 'S1519059699.635045,VS0,VE0',
201 verbose headers   vary: 'Accept-Encoding, Accept' }
202 silly get cb [ 304,
202 silly get   { date: 'Mon, 19 Feb 2018 17:01:38 GMT',
202 silly get     via: '1.1 varnish',
202 silly get     'cache-control': 'max-age=300',
202 silly get     etag: '"5a8a54e9-39ff3"',
202 silly get     age: '1345',
202 silly get     connection: 'keep-alive',
202 silly get     'x-served-by': 'cache-hhn1536-HHN',
202 silly get     'x-cache': 'HIT',
202 silly get     'x-cache-hits': '38',
202 silly get     'x-timer': 'S1519059699.635045,VS0,VE0',
202 silly get     vary: 'Accept-Encoding, Accept' } ]
203 verbose etag https://registry.npmjs.org/request from cache
204 verbose get saving request to C:\Users\NOA-PC\AppData\Roaming\npm-cache\registry.npmjs.org\request\.cache.json
205 verbose correctMkdir C:\Users\NOA-PC\AppData\Roaming\npm-cache correctMkdir not in flight; initializing
206 silly resolveWithNewModule request@2.81.0 checking installable status
207 silly cache add args [ 'request@2.81.0', null ]
208 verbose cache add spec request@2.81.0
209 silly cache add parsed spec Result {
209 silly cache add   raw: 'request@2.81.0',
209 silly cache add   scope: null,
209 silly cache add   escapedName: 'request',
209 silly cache add   name: 'request',
209 silly cache add   rawSpec: '2.81.0',
209 silly cache add   spec: '2.81.0',
209 silly cache add   type: 'version' }
210 silly addNamed request@2.81.0
211 verbose addNamed "2.81.0" is a plain semver version for request
212 silly mapToRegistry name request
213 silly mapToRegistry using default registry
214 silly mapToRegistry registry https://registry.npmjs.org/
215 silly mapToRegistry data Result {
215 silly mapToRegistry   raw: 'request',
215 silly mapToRegistry   scope: null,
215 silly mapToRegistry   escapedName: 'request',
215 silly mapToRegistry   name: 'request',
215 silly mapToRegistry   rawSpec: '',
215 silly mapToRegistry   spec: 'latest',
215 silly mapToRegistry   type: 'tag' }
216 silly mapToRegistry uri https://registry.npmjs.org/request
217 verbose addNameVersion registry:https://registry.npmjs.org/request not in flight; fetching
218 verbose get https://registry.npmjs.org/request not expired, no request
219 silly cache afterAdd request@2.81.0
220 verbose afterAdd C:\Users\NOA-PC\AppData\Roaming\npm-cache\request\2.81.0\package\package.json not in flight; writing
221 verbose correctMkdir C:\Users\NOA-PC\AppData\Roaming\npm-cache correctMkdir not in flight; initializing
222 verbose afterAdd C:\Users\NOA-PC\AppData\Roaming\npm-cache\request\2.81.0\package\package.json written
223 http 304 https://registry.npmjs.org/promise
224 verbose headers { date: 'Mon, 19 Feb 2018 17:01:38 GMT',
224 verbose headers   via: '1.1 varnish',
224 verbose headers   'cache-control': 'max-age=300',
224 verbose headers   etag: '"5a82b568-adfa"',
224 verbose headers   age: '3459',
224 verbose headers   connection: 'keep-alive',
224 verbose headers   'x-served-by': 'cache-hhn1538-HHN',
224 verbose headers   'x-cache': 'HIT',
224 verbose headers   'x-cache-hits': '46',
224 verbose headers   'x-timer': 'S1519059698.132890,VS0,VE0',
224 verbose headers   vary: 'Accept-Encoding, Accept' }
225 silly get cb [ 304,
225 silly get   { date: 'Mon, 19 Feb 2018 17:01:38 GMT',
225 silly get     via: '1.1 varnish',
225 silly get     'cache-control': 'max-age=300',
225 silly get     etag: '"5a82b568-adfa"',
225 silly get     age: '3459',
225 silly get     connection: 'keep-alive',
225 silly get     'x-served-by': 'cache-hhn1538-HHN',
225 silly get     'x-cache': 'HIT',
225 silly get     'x-cache-hits': '46',
225 silly get     'x-timer': 'S1519059698.132890,VS0,VE0',
225 silly get     vary: 'Accept-Encoding, Accept' } ]
226 verbose etag https://registry.npmjs.org/promise from cache
227 verbose get saving promise to C:\Users\NOA-PC\AppData\Roaming\npm-cache\registry.npmjs.org\promise\.cache.json
228 verbose correctMkdir C:\Users\NOA-PC\AppData\Roaming\npm-cache correctMkdir not in flight; initializing
229 http 304 https://registry.npmjs.org/graceful-fs
230 verbose headers { date: 'Mon, 19 Feb 2018 17:01:38 GMT',
230 verbose headers   via: '1.1 varnish',
230 verbose headers   'cache-control': 'max-age=300',
230 verbose headers   etag: '"5a838605-f856"',
230 verbose headers   age: '7580',
230 verbose headers   connection: 'keep-alive',
230 verbose headers   'x-served-by': 'cache-hhn1532-HHN',
230 verbose headers   'x-cache': 'HIT',
230 verbose headers   'x-cache-hits': '426',
230 verbose headers   'x-timer': 'S1519059698.134622,VS0,VE0',
230 verbose headers   vary: 'Accept-Encoding, Accept' }
231 silly get cb [ 304,
231 silly get   { date: 'Mon, 19 Feb 2018 17:01:38 GMT',
231 silly get     via: '1.1 varnish',
231 silly get     'cache-control': 'max-age=300',
231 silly get     etag: '"5a838605-f856"',
231 silly get     age: '7580',
231 silly get     connection: 'keep-alive',
231 silly get     'x-served-by': 'cache-hhn1532-HHN',
231 silly get     'x-cache': 'HIT',
231 silly get     'x-cache-hits': '426',
231 silly get     'x-timer': 'S1519059698.134622,VS0,VE0',
231 silly get     vary: 'Accept-Encoding, Accept' } ]
232 verbose etag https://registry.npmjs.org/graceful-fs from cache
233 verbose get saving graceful-fs to C:\Users\NOA-PC\AppData\Roaming\npm-cache\registry.npmjs.org\graceful-fs\.cache.json
234 verbose correctMkdir C:\Users\NOA-PC\AppData\Roaming\npm-cache correctMkdir not in flight; initializing
235 http 304 https://registry.npmjs.org/image-size
236 verbose headers { date: 'Mon, 19 Feb 2018 17:01:38 GMT',
236 verbose headers   via: '1.1 varnish',
236 verbose headers   'cache-control': 'max-age=300',
236 verbose headers   etag: '"5a3b2fe0-c222"',
236 verbose headers   age: '9840',
236 verbose headers   connection: 'keep-alive',
236 verbose headers   'x-served-by': 'cache-hhn1527-HHN',
236 verbose headers   'x-cache': 'HIT',
236 verbose headers   'x-cache-hits': '90',
236 verbose headers   'x-timer': 'S1519059698.137841,VS0,VE0',
236 verbose headers   vary: 'Accept-Encoding, Accept' }
237 silly get cb [ 304,
237 silly get   { date: 'Mon, 19 Feb 2018 17:01:38 GMT',
237 silly get     via: '1.1 varnish',
237 silly get     'cache-control': 'max-age=300',
237 silly get     etag: '"5a3b2fe0-c222"',
237 silly get     age: '9840',
237 silly get     connection: 'keep-alive',
237 silly get     'x-served-by': 'cache-hhn1527-HHN',
237 silly get     'x-cache': 'HIT',
237 silly get     'x-cache-hits': '90',
237 silly get     'x-timer': 'S1519059698.137841,VS0,VE0',
237 silly get     vary: 'Accept-Encoding, Accept' } ]
238 verbose etag https://registry.npmjs.org/image-size from cache
239 verbose get saving image-size to C:\Users\NOA-PC\AppData\Roaming\npm-cache\registry.npmjs.org\image-size\.cache.json
240 verbose correctMkdir C:\Users\NOA-PC\AppData\Roaming\npm-cache correctMkdir not in flight; initializing
241 silly resolveWithNewModule promise@7.3.1 checking installable status
242 silly cache add args [ 'promise@^7.1.1', null ]
243 verbose cache add spec promise@^7.1.1
244 silly cache add parsed spec Result {
244 silly cache add   raw: 'promise@^7.1.1',
244 silly cache add   scope: null,
244 silly cache add   escapedName: 'promise',
244 silly cache add   name: 'promise',
244 silly cache add   rawSpec: '^7.1.1',
244 silly cache add   spec: '>=7.1.1 <8.0.0',
244 silly cache add   type: 'range' }
245 silly addNamed promise@>=7.1.1 <8.0.0
246 verbose addNamed ">=7.1.1 <8.0.0" is a valid semver range for promise
247 silly addNameRange { name: 'promise', range: '>=7.1.1 <8.0.0', hasData: false }
248 silly mapToRegistry name promise
249 silly mapToRegistry using default registry
250 silly mapToRegistry registry https://registry.npmjs.org/
251 silly mapToRegistry data Result {
251 silly mapToRegistry   raw: 'promise',
251 silly mapToRegistry   scope: null,
251 silly mapToRegistry   escapedName: 'promise',
251 silly mapToRegistry   name: 'promise',
251 silly mapToRegistry   rawSpec: '',
251 silly mapToRegistry   spec: 'latest',
251 silly mapToRegistry   type: 'tag' }
252 silly mapToRegistry uri https://registry.npmjs.org/promise
253 verbose addNameRange registry:https://registry.npmjs.org/promise not in flight; fetching
254 silly resolveWithNewModule graceful-fs@4.1.11 checking installable status
255 silly cache add args [ 'graceful-fs@^4.1.2', null ]
256 verbose cache add spec graceful-fs@^4.1.2
257 silly cache add parsed spec Result {
257 silly cache add   raw: 'graceful-fs@^4.1.2',
257 silly cache add   scope: null,
257 silly cache add   escapedName: 'graceful-fs',
257 silly cache add   name: 'graceful-fs',
257 silly cache add   rawSpec: '^4.1.2',
257 silly cache add   spec: '>=4.1.2 <5.0.0',
257 silly cache add   type: 'range' }
258 silly addNamed graceful-fs@>=4.1.2 <5.0.0
259 verbose addNamed ">=4.1.2 <5.0.0" is a valid semver range for graceful-fs
260 silly addNameRange { name: 'graceful-fs', range: '>=4.1.2 <5.0.0', hasData: false }
261 silly mapToRegistry name graceful-fs
262 silly mapToRegistry using default registry
263 silly mapToRegistry registry https://registry.npmjs.org/
264 silly mapToRegistry data Result {
264 silly mapToRegistry   raw: 'graceful-fs',
264 silly mapToRegistry   scope: null,
264 silly mapToRegistry   escapedName: 'graceful-fs',
264 silly mapToRegistry   name: 'graceful-fs',
264 silly mapToRegistry   rawSpec: '',
264 silly mapToRegistry   spec: 'latest',
264 silly mapToRegistry   type: 'tag' }
265 silly mapToRegistry uri https://registry.npmjs.org/graceful-fs
266 verbose addNameRange registry:https://registry.npmjs.org/graceful-fs not in flight; fetching
267 silly resolveWithNewModule image-size@0.5.5 checking installable status
268 silly cache add args [ 'image-size@~0.5.0', null ]
269 verbose cache add spec image-size@~0.5.0
270 silly cache add parsed spec Result {
270 silly cache add   raw: 'image-size@~0.5.0',
270 silly cache add   scope: null,
270 silly cache add   escapedName: 'image-size',
270 silly cache add   name: 'image-size',
270 silly cache add   rawSpec: '~0.5.0',
270 silly cache add   spec: '>=0.5.0 <0.6.0',
270 silly cache add   type: 'range' }
271 silly addNamed image-size@>=0.5.0 <0.6.0
272 verbose addNamed ">=0.5.0 <0.6.0" is a valid semver range for image-size
273 silly addNameRange { name: 'image-size', range: '>=0.5.0 <0.6.0', hasData: false }
274 silly mapToRegistry name image-size
275 silly mapToRegistry using default registry
276 silly mapToRegistry registry https://registry.npmjs.org/
277 silly mapToRegistry data Result {
277 silly mapToRegistry   raw: 'image-size',
277 silly mapToRegistry   scope: null,
277 silly mapToRegistry   escapedName: 'image-size',
277 silly mapToRegistry   name: 'image-size',
277 silly mapToRegistry   rawSpec: '',
277 silly mapToRegistry   spec: 'latest',
277 silly mapToRegistry   type: 'tag' }
278 silly mapToRegistry uri https://registry.npmjs.org/image-size
279 verbose addNameRange registry:https://registry.npmjs.org/image-size not in flight; fetching
280 verbose get https://registry.npmjs.org/promise not expired, no request
281 silly addNameRange number 2 { name: 'promise', range: '>=7.1.1 <8.0.0', hasData: true }
282 silly addNameRange versions [ 'promise',
282 silly addNameRange   [ '1.2.1',
282 silly addNameRange     '1.2.2',
282 silly addNameRange     '1.3.0',
282 silly addNameRange     '2.0.0',
282 silly addNameRange     '3.0.0',
282 silly addNameRange     '3.0.1',
282 silly addNameRange     '3.1.0',
282 silly addNameRange     '3.2.0',
282 silly addNameRange     '4.0.0',
282 silly addNameRange     '5.0.0',
282 silly addNameRange     '6.0.0',
282 silly addNameRange     '6.0.1',
282 silly addNameRange     '6.1.0',
282 silly addNameRange     '7.0.0',
282 silly addNameRange     '7.0.1',
282 silly addNameRange     '7.0.2',
282 silly addNameRange     '7.0.3',
282 silly addNameRange     '7.0.4',
282 silly addNameRange     '7.1.0',
282 silly addNameRange     '7.1.1',
282 silly addNameRange     '7.2.0',
282 silly addNameRange     '7.3.0',
282 silly addNameRange     '7.3.1',
282 silly addNameRange     '8.0.0',
282 silly addNameRange     '8.0.1' ] ]
283 silly addNamed promise@7.3.1
284 verbose addNamed "7.3.1" is a plain semver version for promise
285 verbose get https://registry.npmjs.org/graceful-fs not expired, no request
286 silly addNameRange number 2 { name: 'graceful-fs', range: '>=4.1.2 <5.0.0', hasData: true }
287 silly addNameRange versions [ 'graceful-fs',
287 silly addNameRange   [ '1.0.0',
287 silly addNameRange     '1.0.1',
287 silly addNameRange     '1.0.2',
287 silly addNameRange     '1.1.0',
287 silly addNameRange     '1.1.1',
287 silly addNameRange     '1.1.2',
287 silly addNameRange     '1.1.3',
287 silly addNameRange     '1.1.4',
287 silly addNameRange     '1.1.5',
287 silly addNameRange     '1.1.6',
287 silly addNameRange     '1.1.7',
287 silly addNameRange     '1.1.8',
287 silly addNameRange     '1.1.9',
287 silly addNameRange     '1.1.10',
287 silly addNameRange     '1.1.11',
287 silly addNameRange     '1.1.12',
287 silly addNameRange     '1.1.13',
287 silly addNameRange     '1.1.14',
287 silly addNameRange     '1.2.0',
287 silly addNameRange     '1.2.1',
287 silly addNameRange     '1.2.2',
287 silly addNameRange     '1.2.3',
287 silly addNameRange     '2.0.0',
287 silly addNameRange     '2.0.1',
287 silly addNameRange     '2.0.2',
287 silly addNameRange     '2.0.3',
287 silly addNameRange     '3.0.0',
287 silly addNameRange     '3.0.1',
287 silly addNameRange     '3.0.2',
287 silly addNameRange     '3.0.3',
287 silly addNameRange     '3.0.4',
287 silly addNameRange     '3.0.5',
287 silly addNameRange     '3.0.6',
287 silly addNameRange     '3.0.7',
287 silly addNameRange     '3.0.8',
287 silly addNameRange     '4.1.0',
287 silly addNameRange     '4.1.1',
287 silly addNameRange     '4.1.2',
287 silly addNameRange     '4.1.3',
287 silly addNameRange     '4.1.4',
287 silly addNameRange     '4.1.5',
287 silly addNameRange     '3.0.9',
287 silly addNameRange     '4.1.6',
287 silly addNameRange     '3.0.10',
287 silly addNameRange     '3.0.11',
287 silly addNameRange     '4.1.7',
287 silly addNameRange     '4.1.8',
287 silly addNameRange     '4.1.9',
287 silly addNameRange     '4.1.10',
287 silly addNameRange     '4.1.11' ] ]
288 silly addNamed graceful-fs@4.1.11
289 verbose addNamed "4.1.11" is a plain semver version for graceful-fs
290 verbose get https://registry.npmjs.org/image-size not expired, no request
291 silly addNameRange number 2 { name: 'image-size', range: '>=0.5.0 <0.6.0', hasData: true }
292 silly addNameRange versions [ 'image-size',
292 silly addNameRange   [ '0.0.2',
292 silly addNameRange     '0.0.3',
292 silly addNameRange     '0.0.5',
292 silly addNameRange     '0.1.0',
292 silly addNameRange     '0.1.1',
292 silly addNameRange     '0.1.2',
292 silly addNameRange     '0.1.3',
292 silly addNameRange     '0.1.4',
292 silly addNameRange     '0.1.5',
292 silly addNameRange     '0.1.6',
292 silly addNameRange     '0.1.7',
292 silly addNameRange     '0.1.10',
292 silly addNameRange     '0.1.15',
292 silly addNameRange     '0.0.16',
292 silly addNameRange     '0.1.16',
292 silly addNameRange     '0.1.17',
292 silly addNameRange     '0.1.20',
292 silly addNameRange     '0.2.1',
292 silly addNameRange     '0.2.2',
292 silly addNameRange     '0.2.3',
292 silly addNameRange     '0.2.4',
292 silly addNameRange     '0.2.5',
292 silly addNameRange     '0.3.0',
292 silly addNameRange     '0.3.1',
292 silly addNameRange     '0.3.2',
292 silly addNameRange     '0.3.3',
292 silly addNameRange     '0.3.5',
292 silly addNameRange     '0.4.0',
292 silly addNameRange     '0.5.0',
292 silly addNameRange     '0.5.1',
292 silly addNameRange     '0.5.2',
292 silly addNameRange     '0.5.3',
292 silly addNameRange     '0.5.4',
292 silly addNameRange     '0.5.5',
292 silly addNameRange     '0.6.0',
292 silly addNameRange     '0.6.1',
292 silly addNameRange     '0.6.2' ] ]
293 silly addNamed image-size@0.5.5
294 verbose addNamed "0.5.5" is a plain semver version for image-size
295 silly cache afterAdd promise@7.3.1
296 verbose afterAdd C:\Users\NOA-PC\AppData\Roaming\npm-cache\promise\7.3.1\package\package.json not in flight; writing
297 verbose correctMkdir C:\Users\NOA-PC\AppData\Roaming\npm-cache correctMkdir not in flight; initializing
298 silly cache afterAdd graceful-fs@4.1.11
299 verbose afterAdd C:\Users\NOA-PC\AppData\Roaming\npm-cache\graceful-fs\4.1.11\package\package.json not in flight; writing
300 verbose correctMkdir C:\Users\NOA-PC\AppData\Roaming\npm-cache correctMkdir not in flight; initializing
301 http 304 https://registry.npmjs.org/mime
302 verbose headers { date: 'Mon, 19 Feb 2018 17:01:38 GMT',
302 verbose headers   via: '1.1 varnish',
302 verbose headers   'cache-control': 'max-age=300',
302 verbose headers   etag: '"5a7d4a9c-af84"',
302 verbose headers   age: '3470',
302 verbose headers   connection: 'keep-alive',
302 verbose headers   'x-served-by': 'cache-hhn1542-HHN',
302 verbose headers   'x-cache': 'HIT',
302 verbose headers   'x-cache-hits': '115',
302 verbose headers   'x-timer': 'S1519059699.876939,VS0,VE0',
302 verbose headers   vary: 'Accept-Encoding, Accept' }
303 silly get cb [ 304,
303 silly get   { date: 'Mon, 19 Feb 2018 17:01:38 GMT',
303 silly get     via: '1.1 varnish',
303 silly get     'cache-control': 'max-age=300',
303 silly get     etag: '"5a7d4a9c-af84"',
303 silly get     age: '3470',
303 silly get     connection: 'keep-alive',
303 silly get     'x-served-by': 'cache-hhn1542-HHN',
303 silly get     'x-cache': 'HIT',
303 silly get     'x-cache-hits': '115',
303 silly get     'x-timer': 'S1519059699.876939,VS0,VE0',
303 silly get     vary: 'Accept-Encoding, Accept' } ]
304 verbose etag https://registry.npmjs.org/mime from cache
305 verbose get saving mime to C:\Users\NOA-PC\AppData\Roaming\npm-cache\registry.npmjs.org\mime\.cache.json
306 verbose correctMkdir C:\Users\NOA-PC\AppData\Roaming\npm-cache correctMkdir not in flight; initializing
307 silly cache afterAdd image-size@0.5.5
308 verbose afterAdd C:\Users\NOA-PC\AppData\Roaming\npm-cache\image-size\0.5.5\package\package.json not in flight; writing
309 verbose correctMkdir C:\Users\NOA-PC\AppData\Roaming\npm-cache correctMkdir not in flight; initializing
310 verbose afterAdd C:\Users\NOA-PC\AppData\Roaming\npm-cache\promise\7.3.1\package\package.json written
311 verbose afterAdd C:\Users\NOA-PC\AppData\Roaming\npm-cache\graceful-fs\4.1.11\package\package.json written
312 silly resolveWithNewModule mime@1.6.0 checking installable status
313 silly cache add args [ 'mime@^1.4.1', null ]
314 verbose cache add spec mime@^1.4.1
315 silly cache add parsed spec Result {
315 silly cache add   raw: 'mime@^1.4.1',
315 silly cache add   scope: null,
315 silly cache add   escapedName: 'mime',
315 silly cache add   name: 'mime',
315 silly cache add   rawSpec: '^1.4.1',
315 silly cache add   spec: '>=1.4.1 <2.0.0',
315 silly cache add   type: 'range' }
316 silly addNamed mime@>=1.4.1 <2.0.0
317 verbose addNamed ">=1.4.1 <2.0.0" is a valid semver range for mime
318 silly addNameRange { name: 'mime', range: '>=1.4.1 <2.0.0', hasData: false }
319 silly mapToRegistry name mime
320 silly mapToRegistry using default registry
321 silly mapToRegistry registry https://registry.npmjs.org/
322 silly mapToRegistry data Result {
322 silly mapToRegistry   raw: 'mime',
322 silly mapToRegistry   scope: null,
322 silly mapToRegistry   escapedName: 'mime',
322 silly mapToRegistry   name: 'mime',
322 silly mapToRegistry   rawSpec: '',
322 silly mapToRegistry   spec: 'latest',
322 silly mapToRegistry   type: 'tag' }
323 silly mapToRegistry uri https://registry.npmjs.org/mime
324 verbose addNameRange registry:https://registry.npmjs.org/mime not in flight; fetching
325 verbose afterAdd C:\Users\NOA-PC\AppData\Roaming\npm-cache\image-size\0.5.5\package\package.json written
326 verbose get https://registry.npmjs.org/mime not expired, no request
327 silly addNameRange number 2 { name: 'mime', range: '>=1.4.1 <2.0.0', hasData: true }
328 silly addNameRange versions [ 'mime',
328 silly addNameRange   [ '1.0.0',
328 silly addNameRange     '1.1.0',
328 silly addNameRange     '1.2.1',
328 silly addNameRange     '1.2.2',
328 silly addNameRange     '1.2.3',
328 silly addNameRange     '1.2.4',
328 silly addNameRange     '1.2.5',
328 silly addNameRange     '1.2.6',
328 silly addNameRange     '1.2.7',
328 silly addNameRange     '1.2.8',
328 silly addNameRange     '1.2.9',
328 silly addNameRange     '1.2.10',
328 silly addNameRange     '1.2.11',
328 silly addNameRange     '1.3.0',
328 silly addNameRange     '1.3.2',
328 silly addNameRange     '1.3.3',
328 silly addNameRange     '1.3.4',
328 silly addNameRange     '1.3.5',
328 silly addNameRange     '1.3.6',
328 silly addNameRange     '1.4.0',
328 silly addNameRange     '2.0.0',
328 silly addNameRange     '2.0.1',
328 silly addNameRange     '2.0.2',
328 silly addNameRange     '1.4.1',
328 silly addNameRange     '2.0.3',
328 silly addNameRange     '1.5.0',
328 silly addNameRange     '1.6.0',
328 silly addNameRange     '2.0.5',
328 silly addNameRange     '2.1.0',
328 silly addNameRange     '2.2.0' ] ]
329 silly addNamed mime@1.6.0
330 verbose addNamed "1.6.0" is a plain semver version for mime
331 silly cache afterAdd mime@1.6.0
332 verbose afterAdd C:\Users\NOA-PC\AppData\Roaming\npm-cache\mime\1.6.0\package\package.json not in flight; writing
333 verbose correctMkdir C:\Users\NOA-PC\AppData\Roaming\npm-cache correctMkdir not in flight; initializing
334 verbose afterAdd C:\Users\NOA-PC\AppData\Roaming\npm-cache\mime\1.6.0\package\package.json written
335 silly fetchNamedPackageData prr
336 silly mapToRegistry name prr
337 silly mapToRegistry using default registry
338 silly mapToRegistry registry https://registry.npmjs.org/
339 silly mapToRegistry data Result {
339 silly mapToRegistry   raw: 'prr',
339 silly mapToRegistry   scope: null,
339 silly mapToRegistry   escapedName: 'prr',
339 silly mapToRegistry   name: 'prr',
339 silly mapToRegistry   rawSpec: '',
339 silly mapToRegistry   spec: 'latest',
339 silly mapToRegistry   type: 'tag' }
340 silly mapToRegistry uri https://registry.npmjs.org/prr
341 verbose request uri https://registry.npmjs.org/prr
342 verbose request no auth needed
343 info attempt registry request try #1 at 7:01:37 PM
344 verbose etag "5871cafd-1426"
345 verbose lastModified Sun, 8 Jan 2017 5:15:41 GMT
346 http request GET https://registry.npmjs.org/prr
347 verbose stack Error: kill ENOSYS
347 verbose stack     at exports._errnoException (util.js:1018:11)
347 verbose stack     at process.kill (internal/process.js:190:13)
347 verbose stack     at process.listener (C:\Program Files\nodejs\node_modules\npm\node_modules\npmlog\node_modules\gauge\node_modules\signal-exit\index.js:86:15)
347 verbose stack     at emitNone (events.js:91:20)
347 verbose stack     at process.emit (events.js:185:7)
347 verbose stack     at processEmit (C:\Program Files\nodejs\node_modules\npm\node_modules\npmlog\node_modules\gauge\node_modules\signal-exit\index.js:146:32)
347 verbose stack     at processEmit (C:\Program Files\nodejs\node_modules\npm\node_modules\npm-registry-client\node_modules\npmlog\node_modules\gauge\node_modules\signal-exit\index.js:146:32)
347 verbose stack     at Signal.wrap.onsignal (internal/process.js:217:44)
348 verbose cwd C:\Users\NOA-PC\Desktop\FinalProject-PhysiotherApp
349 error Windows_NT 10.0.16299
350 error argv "C:\\Program Files\\nodejs\\node.exe" "C:\\Program Files\\nodejs\\node_modules\\npm\\bin\\npm-cli.js" "install" "less"
351 error node v6.10.3
352 error npm  v3.10.10
353 error code ENOSYS
354 error errno ENOSYS
355 error syscall kill
356 error kill ENOSYS
357 error If you need help, you may report this error at:
357 error     <https://github.com/npm/npm/issues>
358 verbose exit [ 1, true ]
